[debug] > Exec(early(addDefaultCommands), None, None)
[debug] > Exec(addDefaultCommands, None, None)
[debug] > Exec(early(initialize), None, None)
[debug] > Exec(initialize, None, None)
[debug] > Exec(boot, None, None)
[debug] > Exec(writeSbtVersion, None, None)
[debug] > Exec(reload, None, None)
[debug] > Exec(sbtStashOnFailure, None, None)
[debug] > Exec(onFailure loadFailed, None, None)
[debug] > Exec(loadp, None, None)
[info] welcome to sbt 1.9.6 (Oracle Corporation Java 21.0.1)
[debug] Load.defaultLoad until apply took 30.765958ms
[debug]                 Load.loadUnit: plugins took 24.028375ms
[debug]                 Load.loadUnit: defsScala took 0.108167ms
[debug] [Loading] Scanning directory /Users/HannahTersbol/Desktop/Agil Hardware Design/agile-hw-design/project/project
[debug]                   Load.loadUnit: mkEval took 2.864708ms
[debug] [Loading] Found non-root projects 
[debug] [Loading] Done in /Users/HannahTersbol/Desktop/Agil Hardware Design/agile-hw-design/project/project, returning: ()
[debug] deducing auto plugins based on known facts Set(Atom(sbt.plugins.CorePlugin)) and clauses Clauses(Clause(Atom(sbt.plugins.JvmPlugin),Set(Atom(sbt.plugins.IvyPlugin)))
[debug] Clause(Atom(sbt.ScriptedPlugin),Set(Atom(sbt.plugins.JvmPlugin)))
[debug] Clause(Atom(sbt.plugins.SbtPlugin),Set(Atom(sbt.ScriptedPlugin)))
[debug] Clause(Atom(sbt.plugins.SemanticdbPlugin),Set(Atom(sbt.plugins.JvmPlugin)))
[debug] Clause(Atom(sbt.plugins.JUnitXmlReportPlugin),Set(Atom(sbt.plugins.JvmPlugin)))
[debug] Clause(Atom(sbt.plugins.MiniDependencyTreePlugin),Set(Atom(sbt.plugins.JvmPlugin)))
[debug] Clause(Atom(sbt.plugins.CorePlugin),Set(Atom(sbt.plugins.IvyPlugin)))
[debug] Clause(Atom(sbt.plugins.IvyPlugin),Set(Atom(sbt.plugins.JvmPlugin)))
[debug] Clause(Atom(sbt.plugins.JvmPlugin),Set(Atom(sbt.plugins.SemanticdbPlugin)))
[debug] Clause(Atom(sbt.plugins.JvmPlugin),Set(Atom(sbt.plugins.JUnitXmlReportPlugin)))
[debug] Clause(Atom(sbt.plugins.CorePlugin),Set(Atom(sbt.plugins.Giter8TemplatePlugin)))
[debug] Clause(Atom(sbt.plugins.JvmPlugin),Set(Atom(sbt.plugins.MiniDependencyTreePlugin))))
[debug]   :: deduced result: Matched(sbt.plugins.CorePlugin,sbt.plugins.Giter8TemplatePlugin,sbt.plugins.IvyPlugin,sbt.plugins.JvmPlugin,sbt.plugins.MiniDependencyTreePlugin,sbt.plugins.JUnitXmlReportPlugin,sbt.plugins.SemanticdbPlugin)
[debug] Plugins.deducer#function took 5.79 ms
[info] loading settings for project agile-hw-design-build-build from metals.sbt ...
[debug]                     Load.resolveProject(agile-hw-design-build-build) took 20.968416ms
[debug]                   Load.loadTransitive: finalizeProject(Project(id agile-hw-design-build-build, base: /Users/HannahTersbol/Desktop/Agil Hardware Design/agile-hw-design/project/project, plugins: List(<none>))) took 29.956917ms
[debug] [Loading] Done in /Users/HannahTersbol/Desktop/Agil Hardware Design/agile-hw-design/project/project, returning: (agile-hw-design-build-build)
[debug]                 Load.loadUnit: loadedProjectsRaw took 932.552959ms
[debug]                 Load.loadUnit: cleanEvalClasses took 1.987ms
[debug]               Load.loadUnit(file:/Users/HannahTersbol/Desktop/Agil%20Hardware%20Design/agile-hw-design/project/project/, ...) took 960.805375ms
[debug]             Load.apply: load took 1815.999584ms
[debug]             Load.apply: resolveProjects took 1.692125ms
[debug]             Load.apply: finalTransforms took 24.204792ms
[debug]             Load.apply: config.delegates took 2.187916ms
[debug]             Load.apply: Def.make(settings)... took 146.313458ms
[debug]             Load.apply: structureIndex took 37.750209ms
[debug]             Load.apply: mkStreams took 0.576209ms
[info] loading project definition from /Users/HannahTersbol/Desktop/Agil Hardware Design/agile-hw-design/project/project
[debug] Running task... Cancel: Signal, check cycles: false, forcegc: true
[debug]           Load.loadUnit: plugins took 5919.330375ms
[debug]           Load.loadUnit: defsScala took 0.001458ms
[debug] [Loading] Scanning directory /Users/HannahTersbol/Desktop/Agil Hardware Design/agile-hw-design/project
[debug]             Load.loadUnit: mkEval took 0.163208ms
[debug] [Loading] Found non-root projects 
[debug] [Loading] Done in /Users/HannahTersbol/Desktop/Agil Hardware Design/agile-hw-design/project, returning: ()
[debug] deducing auto plugins based on known facts Set(Atom(sbt.plugins.CorePlugin)) and clauses Clauses(Clause(Atom(sbt.plugins.JvmPlugin),Set(Atom(sbt.plugins.IvyPlugin)))
[debug] Clause(Atom(sbt.ScriptedPlugin),Set(Atom(sbt.plugins.JvmPlugin)))
[debug] Clause(Atom(sbt.plugins.SbtPlugin),Set(Atom(sbt.ScriptedPlugin)))
[debug] Clause(Atom(sbt.plugins.SemanticdbPlugin),Set(Atom(sbt.plugins.JvmPlugin)))
[debug] Clause(Atom(sbt.plugins.JUnitXmlReportPlugin),Set(Atom(sbt.plugins.JvmPlugin)))
[debug] Clause(Atom(sbt.plugins.MiniDependencyTreePlugin),Set(Atom(sbt.plugins.JvmPlugin)))
[debug] Clause(Atom(metals.MetalsPlugin),Set(Atom(sbt.plugins.SemanticdbPlugin)))
[debug] Clause(Atom(org.scaladebugger.SbtJdiTools),Set(Atom(sbt.plugins.JvmPlugin)))
[debug] Clause(Atom(sbt.plugins.CorePlugin),Set(Atom(sbt.plugins.IvyPlugin)))
[debug] Clause(Atom(sbt.plugins.IvyPlugin),Set(Atom(sbt.plugins.JvmPlugin)))
[debug] Clause(Atom(sbt.plugins.JvmPlugin),Set(Atom(sbt.plugins.SemanticdbPlugin)))
[debug] Clause(Atom(sbt.plugins.JvmPlugin),Set(Atom(sbt.plugins.JUnitXmlReportPlugin)))
[debug] Clause(Atom(sbt.plugins.CorePlugin),Set(Atom(sbt.plugins.Giter8TemplatePlugin)))
[debug] Clause(Atom(sbt.plugins.JvmPlugin),Set(Atom(sbt.plugins.MiniDependencyTreePlugin)))
[debug] Clause(Atom(sbt.plugins.SemanticdbPlugin),Set(Atom(metals.MetalsPlugin)))
[debug] Clause(Atom(sbt.plugins.JvmPlugin),Set(Atom(org.scaladebugger.SbtJdiTools))))
[debug]   :: deduced result: Matched(sbt.plugins.CorePlugin,sbt.plugins.Giter8TemplatePlugin,sbt.plugins.IvyPlugin,sbt.plugins.JvmPlugin,org.scaladebugger.SbtJdiTools,sbt.plugins.MiniDependencyTreePlugin,sbt.plugins.JUnitXmlReportPlugin,sbt.plugins.SemanticdbPlugin,metals.MetalsPlugin)
[debug] Plugins.deducer#function took 0.898083 ms
[info] loading settings for project agile-hw-design-build from metals.sbt ...
[debug]               Load.resolveProject(agile-hw-design-build) took 2.261458ms
[debug]             Load.loadTransitive: finalizeProject(Project(id agile-hw-design-build, base: /Users/HannahTersbol/Desktop/Agil Hardware Design/agile-hw-design/project, plugins: List(<none>))) took 3.454084ms
[debug] [Loading] Done in /Users/HannahTersbol/Desktop/Agil Hardware Design/agile-hw-design/project, returning: (agile-hw-design-build)
[debug]           Load.loadUnit: loadedProjectsRaw took 333.773667ms
[debug]           Load.loadUnit: cleanEvalClasses took 0.524ms
[debug]         Load.loadUnit(file:/Users/HannahTersbol/Desktop/Agil%20Hardware%20Design/agile-hw-design/project/, ...) took 6253.969334ms
[debug]       Load.apply: load took 6254.815667ms
[debug]       Load.apply: resolveProjects took 0.055625ms
[debug]       Load.apply: finalTransforms took 5.239083ms
[debug]       Load.apply: config.delegates took 0.207916ms
[debug]       Load.apply: Def.make(settings)... took 60.099875ms
[debug]       Load.apply: structureIndex took 17.049208ms
[debug]       Load.apply: mkStreams took 0.001667ms
[info] loading project definition from /Users/HannahTersbol/Desktop/Agil Hardware Design/agile-hw-design/project
[debug] Running task... Cancel: Signal, check cycles: false, forcegc: true
