java.io.IOException: Cannot run program "/Users/HannahTersbol/Downloads/jdk-21.0.1.jdk/Contents/Home/bin/java" (in directory "/Users/HannahTersbol/Desktop/Agil Hardware Design/agile-hw-design"): error=2, No such file or directory
  java.base/java.lang.ProcessBuilder.start(ProcessBuilder.java:1170)
  java.base/java.lang.ProcessBuilder.start(ProcessBuilder.java:1089)
  os.proc.proc$lzyINIT1$1(ProcessOps.scala:345)
  os.proc.os$proc$$_$proc$1(ProcessOps.scala:351)
  os.proc.spawn(ProcessOps.scala:355)
  os.proc.call(ProcessOps.scala:224)
  scala.build.internal.OsLibc$.javaVersion(OsLibc.scala:78)
  scala.build.internal.OsLibc$.javaHomeVersion(OsLibc.scala:93)
  scala.cli.commands.shared.SharedOptions.$anonfun$38$$anonfun$1(SharedOptions.scala:575)
  scala.Option.map(Option.scala:242)
  scala.cli.commands.shared.SharedOptions.$anonfun$38(SharedOptions.scala:574)
  scala.Option.orElse(Option.scala:477)
  scala.cli.commands.shared.SharedOptions.bloopRifleConfig$$anonfun$1(SharedOptions.scala:584)
  scala.build.EitherCps$Helper.apply(EitherCps.scala:19)
  scala.cli.commands.shared.SharedOptions.bloopRifleConfig(SharedOptions.scala:565)
  scala.cli.commands.bsp.Bsp$.runCommand(Bsp.scala:147)
  scala.cli.commands.bsp.Bsp$.runCommand(Bsp.scala:75)
  scala.cli.commands.ScalaCommand.run(ScalaCommand.scala:400)
  scala.cli.commands.ScalaCommand.run(ScalaCommand.scala:381)
  caseapp.core.app.CaseApp.main(CaseApp.scala:166)
  scala.cli.commands.ScalaCommand.main(ScalaCommand.scala:366)
  caseapp.core.app.CommandsEntryPoint.main(CommandsEntryPoint.scala:370)
  scala.cli.ScalaCliCommands.main(ScalaCliCommands.scala:125)
  scala.cli.ScalaCli$.main0(ScalaCli.scala:324)
  scala.cli.ScalaCli$.main(ScalaCli.scala:122)
  scala.cli.ScalaCli.main(ScalaCli.scala)
java.io.IOException: error=2, No such file or directory
  java.base/java.lang.ProcessImpl.forkAndExec(Native Method)
  java.base/java.lang.ProcessImpl.<init>(ProcessImpl.java:295)
  java.base/java.lang.ProcessImpl.start(ProcessImpl.java:225)
  java.base/java.lang.ProcessBuilder.start(ProcessBuilder.java:1126)
  java.base/java.lang.ProcessBuilder.start(ProcessBuilder.java:1089)
  os.proc.proc$lzyINIT1$1(ProcessOps.scala:345)
  os.proc.os$proc$$_$proc$1(ProcessOps.scala:351)
  os.proc.spawn(ProcessOps.scala:355)
  os.proc.call(ProcessOps.scala:224)
  scala.build.internal.OsLibc$.javaVersion(OsLibc.scala:78)
  scala.build.internal.OsLibc$.javaHomeVersion(OsLibc.scala:93)
  scala.cli.commands.shared.SharedOptions.$anonfun$38$$anonfun$1(SharedOptions.scala:575)
  scala.Option.map(Option.scala:242)
  scala.cli.commands.shared.SharedOptions.$anonfun$38(SharedOptions.scala:574)
  scala.Option.orElse(Option.scala:477)
  scala.cli.commands.shared.SharedOptions.bloopRifleConfig$$anonfun$1(SharedOptions.scala:584)
  scala.build.EitherCps$Helper.apply(EitherCps.scala:19)
  scala.cli.commands.shared.SharedOptions.bloopRifleConfig(SharedOptions.scala:565)
  scala.cli.commands.bsp.Bsp$.runCommand(Bsp.scala:147)
  scala.cli.commands.bsp.Bsp$.runCommand(Bsp.scala:75)
  scala.cli.commands.ScalaCommand.run(ScalaCommand.scala:400)
  scala.cli.commands.ScalaCommand.run(ScalaCommand.scala:381)
  caseapp.core.app.CaseApp.main(CaseApp.scala:166)
  scala.cli.commands.ScalaCommand.main(ScalaCommand.scala:366)
  caseapp.core.app.CommandsEntryPoint.main(CommandsEntryPoint.scala:370)
  scala.cli.ScalaCliCommands.main(ScalaCliCommands.scala:125)
  scala.cli.ScalaCli$.main0(ScalaCli.scala:324)
  scala.cli.ScalaCli$.main(ScalaCli.scala:122)
  scala.cli.ScalaCli.main(ScalaCli.scala)
